| 🏷️ LEVEL: http%TIMESTAMP: Feb-03-2024 10:38:51%METHOD: PUT%URL: /api/user/authentication%STATUS_CODE: 201%ACCESS_BY: -
| 🏷️ LEVEL: http%TIMESTAMP: Feb-03-2024 10:38:51%METHOD: PUT%URL: /api/user/authentication%STATUS_CODE: 201%ACCESS_BY: -
| 🏷️ LEVEL: http%TIMESTAMP: Feb-03-2024 10:38:52%METHOD: GET%URL: /api/attendance/list/detail/attendance-5GdQp1LdUNe_Pw1S%STATUS_CODE: 304%ACCESS_BY: Ramdhani
| 🏷️ LEVEL: http%TIMESTAMP: Feb-03-2024 10:38:52%METHOD: GET%URL: /api/attendance/list/detail/attendance-5GdQp1LdUNe_Pw1S%STATUS_CODE: 304%ACCESS_BY: Ramdhani
| 🏷️ LEVEL: http%TIMESTAMP: Feb-03-2024 10:38:57%METHOD: GET%URL: /api/users/single/%STATUS_CODE: 401%ACCESS_BY: -
| 🏷️ LEVEL: http%TIMESTAMP: Feb-03-2024 10:38:57%METHOD: GET%URL: /api/users/single/%STATUS_CODE: 401%ACCESS_BY: -
| 🏷️ LEVEL: http%TIMESTAMP: Feb-03-2024 10:38:57%METHOD: PUT%URL: /api/user/authentication%STATUS_CODE: 201%ACCESS_BY: -
| 🏷️ LEVEL: http%TIMESTAMP: Feb-03-2024 10:38:57%METHOD: PUT%URL: /api/user/authentication%STATUS_CODE: 201%ACCESS_BY: -
| 🏷️ LEVEL: http%TIMESTAMP: Feb-03-2024 10:38:58%METHOD: GET%URL: /api/users/single/%STATUS_CODE: 200%ACCESS_BY: Ramdhani
| 🏷️ LEVEL: http%TIMESTAMP: Feb-03-2024 10:38:58%METHOD: GET%URL: /api/users/single/%STATUS_CODE: 304%ACCESS_BY: Ramdhani
| 🏷️ LEVEL: http%TIMESTAMP: Feb-03-2024 10:39:01%METHOD: GET%URL: /api/attendance/list/nothing?page=0&limit=5%STATUS_CODE: 401%ACCESS_BY: -
| 🏷️ LEVEL: http%TIMESTAMP: Feb-03-2024 10:39:01%METHOD: GET%URL: /api/attendance/list/nothing?page=0&limit=5%STATUS_CODE: 401%ACCESS_BY: -
| 🏷️ LEVEL: http%TIMESTAMP: Feb-03-2024 10:39:01%METHOD: PUT%URL: /api/user/authentication%STATUS_CODE: 201%ACCESS_BY: -
| 🏷️ LEVEL: http%TIMESTAMP: Feb-03-2024 10:39:01%METHOD: PUT%URL: /api/user/authentication%STATUS_CODE: 201%ACCESS_BY: -
| 🏷️ LEVEL: http%TIMESTAMP: Feb-03-2024 10:39:01%METHOD: GET%URL: /api/attendance/list/nothing?page=0&limit=5%STATUS_CODE: 200%ACCESS_BY: Ramdhani
| 🏷️ LEVEL: http%TIMESTAMP: Feb-03-2024 10:39:02%METHOD: GET%URL: /api/attendance/list/nothing?page=0&limit=5%STATUS_CODE: 304%ACCESS_BY: Ramdhani
| 🏷️ LEVEL: http%TIMESTAMP: Feb-03-2024 10:39:06%METHOD: GET%URL: /api/users/single/%STATUS_CODE: 401%ACCESS_BY: -
| 🏷️ LEVEL: http%TIMESTAMP: Feb-03-2024 10:39:06%METHOD: GET%URL: /api/users/single/%STATUS_CODE: 401%ACCESS_BY: -
| 🏷️ LEVEL: http%TIMESTAMP: Feb-03-2024 10:39:06%METHOD: PUT%URL: /api/user/authentication%STATUS_CODE: 201%ACCESS_BY: -
| 🏷️ LEVEL: http%TIMESTAMP: Feb-03-2024 10:39:06%METHOD: PUT%URL: /api/user/authentication%STATUS_CODE: 201%ACCESS_BY: -
| 🏷️ LEVEL: http%TIMESTAMP: Feb-03-2024 10:39:06%METHOD: GET%URL: /api/users/single/%STATUS_CODE: 304%ACCESS_BY: Ramdhani
| 🏷️ LEVEL: http%TIMESTAMP: Feb-03-2024 10:39:06%METHOD: GET%URL: /api/users/single/%STATUS_CODE: 304%ACCESS_BY: Ramdhani
| 🏷️ LEVEL: http%TIMESTAMP: Feb-03-2024 10:39:08%METHOD: GET%URL: /api/users/list/?page=0&limit=5%STATUS_CODE: 401%ACCESS_BY: -
| 🏷️ LEVEL: http%TIMESTAMP: Feb-03-2024 10:39:08%METHOD: GET%URL: /api/users/list/?page=0&limit=5%STATUS_CODE: 401%ACCESS_BY: -
| 🏷️ LEVEL: http%TIMESTAMP: Feb-03-2024 10:39:08%METHOD: PUT%URL: /api/user/authentication%STATUS_CODE: 201%ACCESS_BY: -
| 🏷️ LEVEL: http%TIMESTAMP: Feb-03-2024 10:39:08%METHOD: PUT%URL: /api/user/authentication%STATUS_CODE: 201%ACCESS_BY: -
| 🏷️ LEVEL: http%TIMESTAMP: Feb-03-2024 10:39:08%METHOD: GET%URL: /api/users/list/?page=0&limit=5%STATUS_CODE: 304%ACCESS_BY: Ramdhani
| 🏷️ LEVEL: http%TIMESTAMP: Feb-03-2024 10:39:08%METHOD: GET%URL: /api/users/list/?page=0&limit=5%STATUS_CODE: 304%ACCESS_BY: Ramdhani
| 🏷️ LEVEL: http%TIMESTAMP: Feb-03-2024 10:39:11%METHOD: GET%URL: /api/logs%STATUS_CODE: 401%ACCESS_BY: -
| 🏷️ LEVEL: http%TIMESTAMP: Feb-03-2024 10:39:11%METHOD: GET%URL: /api/logs%STATUS_CODE: 401%ACCESS_BY: -
| 🏷️ LEVEL: http%TIMESTAMP: Feb-03-2024 10:39:11%METHOD: PUT%URL: /api/user/authentication%STATUS_CODE: 201%ACCESS_BY: -
| 🏷️ LEVEL: http%TIMESTAMP: Feb-03-2024 10:39:11%METHOD: PUT%URL: /api/user/authentication%STATUS_CODE: 201%ACCESS_BY: -
| 🏷️ LEVEL: http%TIMESTAMP: Feb-03-2024 10:39:11%METHOD: GET%URL: /api/logs%STATUS_CODE: 200%ACCESS_BY: Ramdhani
| 🏷️ LEVEL: http%TIMESTAMP: Feb-03-2024 10:39:11%METHOD: GET%URL: /api/logs%STATUS_CODE: 200%ACCESS_BY: Ramdhani
| 🏷️ LEVEL: http%TIMESTAMP: Feb-03-2024 10:39:29%METHOD: GET%URL: /api/attendance/list/my/user-GnHSqnkJ47iclnpD?page=0&limit=5%STATUS_CODE: 401%ACCESS_BY: -
| 🏷️ LEVEL: http%TIMESTAMP: Feb-03-2024 10:39:29%METHOD: GET%URL: /api/attendance/list/my/user-GnHSqnkJ47iclnpD?page=0&limit=5%STATUS_CODE: 401%ACCESS_BY: -
| 🏷️ LEVEL: http%TIMESTAMP: Feb-03-2024 10:39:30%METHOD: PUT%URL: /api/user/authentication%STATUS_CODE: 201%ACCESS_BY: -
| 🏷️ LEVEL: http%TIMESTAMP: Feb-03-2024 10:39:30%METHOD: PUT%URL: /api/user/authentication%STATUS_CODE: 201%ACCESS_BY: -
| 🏷️ LEVEL: http%TIMESTAMP: Feb-03-2024 10:39:30%METHOD: GET%URL: /api/attendance/list/my/user-GnHSqnkJ47iclnpD?page=0&limit=5%STATUS_CODE: 304%ACCESS_BY: Ramdhani
| 🏷️ LEVEL: http%TIMESTAMP: Feb-03-2024 10:39:30%METHOD: GET%URL: /api/attendance/list/my/user-GnHSqnkJ47iclnpD?page=0&limit=5%STATUS_CODE: 304%ACCESS_BY: Ramdhani
| 🏷️ LEVEL: http%TIMESTAMP: Feb-03-2024 10:39:47%METHOD: GET%URL: /api/attendance/list/my/user-GnHSqnkJ47iclnpD?page=0&limit=5%STATUS_CODE: 401%ACCESS_BY: -
| 🏷️ LEVEL: http%TIMESTAMP: Feb-03-2024 10:39:47%METHOD: GET%URL: /api/attendance/list/my/user-GnHSqnkJ47iclnpD?page=0&limit=5%STATUS_CODE: 401%ACCESS_BY: -
| 🏷️ LEVEL: http%TIMESTAMP: Feb-03-2024 10:39:47%METHOD: GET%URL: /api/attendance/analysis%STATUS_CODE: 401%ACCESS_BY: -
| 🏷️ LEVEL: http%TIMESTAMP: Feb-03-2024 10:39:47%METHOD: GET%URL: /api/attendance/analysis%STATUS_CODE: 401%ACCESS_BY: -
| 🏷️ LEVEL: http%TIMESTAMP: Feb-03-2024 10:39:47%METHOD: PUT%URL: /api/user/authentication%STATUS_CODE: 201%ACCESS_BY: -
| 🏷️ LEVEL: http%TIMESTAMP: Feb-03-2024 10:39:48%METHOD: PUT%URL: /api/user/authentication%STATUS_CODE: 201%ACCESS_BY: -
| 🏷️ LEVEL: http%TIMESTAMP: Feb-03-2024 10:39:49%METHOD: PUT%URL: /api/user/authentication%STATUS_CODE: 201%ACCESS_BY: -
| 🏷️ LEVEL: http%TIMESTAMP: Feb-03-2024 10:39:49%METHOD: PUT%URL: /api/user/authentication%STATUS_CODE: 201%ACCESS_BY: -
| 🏷️ LEVEL: http%TIMESTAMP: Feb-03-2024 10:39:49%METHOD: GET%URL: /api/attendance/analysis%STATUS_CODE: 304%ACCESS_BY: Ramdhani
| 🏷️ LEVEL: http%TIMESTAMP: Feb-03-2024 10:39:49%METHOD: GET%URL: /api/attendance/analysis%STATUS_CODE: 304%ACCESS_BY: Ramdhani
| 🏷️ LEVEL: http%TIMESTAMP: Feb-03-2024 10:39:49%METHOD: GET%URL: /api/attendance/list/my/user-GnHSqnkJ47iclnpD?page=0&limit=5%STATUS_CODE: 304%ACCESS_BY: Ramdhani
| 🏷️ LEVEL: http%TIMESTAMP: Feb-03-2024 10:39:49%METHOD: GET%URL: /api/attendance/list/my/user-GnHSqnkJ47iclnpD?page=0&limit=5%STATUS_CODE: 304%ACCESS_BY: Ramdhani
| 🏷️ LEVEL: http%TIMESTAMP: Feb-03-2024 10:39:51%METHOD: GET%URL: /api/logs%STATUS_CODE: 401%ACCESS_BY: -
| 🏷️ LEVEL: http%TIMESTAMP: Feb-03-2024 10:39:51%METHOD: GET%URL: /api/logs%STATUS_CODE: 401%ACCESS_BY: -
| 🏷️ LEVEL: http%TIMESTAMP: Feb-03-2024 10:39:51%METHOD: PUT%URL: /api/user/authentication%STATUS_CODE: 201%ACCESS_BY: -
| 🏷️ LEVEL: http%TIMESTAMP: Feb-03-2024 10:39:51%METHOD: PUT%URL: /api/user/authentication%STATUS_CODE: 201%ACCESS_BY: -
| 🏷️ LEVEL: http%TIMESTAMP: Feb-03-2024 10:39:51%METHOD: GET%URL: /api/logs%STATUS_CODE: 200%ACCESS_BY: Ramdhani
| 🏷️ LEVEL: http%TIMESTAMP: Feb-03-2024 10:39:51%METHOD: GET%URL: /api/logs%STATUS_CODE: 200%ACCESS_BY: Ramdhani
| 🏷️ LEVEL: http%TIMESTAMP: Feb-03-2024 10:39:53%METHOD: GET%URL: /api/attendance/list/my/user-GnHSqnkJ47iclnpD?page=0&limit=5%STATUS_CODE: 401%ACCESS_BY: -
| 🏷️ LEVEL: http%TIMESTAMP: Feb-03-2024 10:39:53%METHOD: GET%URL: /api/attendance/list/my/user-GnHSqnkJ47iclnpD?page=0&limit=5%STATUS_CODE: 401%ACCESS_BY: -
| 🏷️ LEVEL: http%TIMESTAMP: Feb-03-2024 10:39:54%METHOD: PUT%URL: /api/user/authentication%STATUS_CODE: 201%ACCESS_BY: -
| 🏷️ LEVEL: http%TIMESTAMP: Feb-03-2024 10:39:54%METHOD: PUT%URL: /api/user/authentication%STATUS_CODE: 201%ACCESS_BY: -
| 🏷️ LEVEL: http%TIMESTAMP: Feb-03-2024 10:39:54%METHOD: GET%URL: /api/attendance/list/my/user-GnHSqnkJ47iclnpD?page=0&limit=5%STATUS_CODE: 304%ACCESS_BY: Ramdhani
| 🏷️ LEVEL: http%TIMESTAMP: Feb-03-2024 10:39:54%METHOD: GET%URL: /api/attendance/list/my/user-GnHSqnkJ47iclnpD?page=0&limit=5%STATUS_CODE: 304%ACCESS_BY: Ramdhani
